<?xml version="1.0" encoding="UTF-8"?>
<Site BuildName="(empty)"
	BuildStamp="20241031-1611-Experimental"
	Name="(empty)"
	Generator="ctest-3.28.2"
	CompilerName=""
	CompilerVersion=""
	OSName="Linux"
	Hostname="fedora"
	OSRelease="6.11.4-201.fc40.x86_64"
	OSVersion="#1 SMP PREEMPT_DYNAMIC Sun Oct 20 15:04:22 UTC 2024"
	OSPlatform="x86_64"
	Is64Bits="1"
	VendorString="AuthenticAMD"
	VendorID="Advanced Micro Devices"
	FamilyID="25"
	ModelID="116"
	ProcessorCacheSize="1024"
	NumberOfLogicalCPU="12"
	NumberOfPhysicalCPU="6"
	TotalVirtualMemory="8191"
	TotalPhysicalMemory="15283"
	LogicalProcessorsPerPhysical="2"
	ProcessorClockFrequency="4576.11"
	>
	<Testing>
		<StartDateTime>Oct 31 12:11 EDT</StartDateTime>
		<StartTestTime>1730391062</StartTestTime>
		<TestList/>
		<EndDateTime>Oct 31 12:11 EDT</EndDateTime>
		<EndTestTime>1730391062</EndTestTime>
		<ElapsedMinutes>0</ElapsedMinutes>
	</Testing>
</Site>
